

Started GET "/" for ::1 at 2015-10-13 17:47:55 -0700
Processing by Rails::WelcomeController#index as HTML
  Rendered /Users/iuliasoimaru/.rbenv/versions/2.0.0-p481/lib/ruby/gems/2.0.0/gems/railties-4.2.1/lib/rails/templates/rails/welcome/index.html.erb (1.8ms)
Completed 200 OK in 18ms (Views: 9.0ms)


Started GET "/" for ::1 at 2015-10-13 17:49:07 -0700
Processing by MobileAppsController#index as HTML
Completed 500 Internal Server Error in 4ms

ActionView::MissingTemplate (Missing template mobile_apps/index, application/index with {:locale=>[:en], :formats=>[:html], :variants=>[], :handlers=>[:erb, :builder, :raw, :ruby, :coffee, :jbuilder]}. Searched in:
  * "/Users/iuliasoimaru/Documents/after_dbc_projects/apple_store_charts/app/views"
):
  actionview (4.2.1) lib/action_view/path_set.rb:46:in `find'
  actionview (4.2.1) lib/action_view/lookup_context.rb:121:in `find'
  actionview (4.2.1) lib/action_view/renderer/abstract_renderer.rb:18:in `find_template'
  actionview (4.2.1) lib/action_view/renderer/template_renderer.rb:40:in `determine_template'
  actionview (4.2.1) lib/action_view/renderer/template_renderer.rb:8:in `render'
  actionview (4.2.1) lib/action_view/renderer/renderer.rb:42:in `render_template'
  actionview (4.2.1) lib/action_view/renderer/renderer.rb:23:in `render'
  actionview (4.2.1) lib/action_view/rendering.rb:100:in `_render_template'
  actionpack (4.2.1) lib/action_controller/metal/streaming.rb:217:in `_render_template'
  actionview (4.2.1) lib/action_view/rendering.rb:83:in `render_to_body'
  actionpack (4.2.1) lib/action_controller/metal/rendering.rb:32:in `render_to_body'
  actionpack (4.2.1) lib/action_controller/metal/renderers.rb:37:in `render_to_body'
  actionpack (4.2.1) lib/abstract_controller/rendering.rb:25:in `render'
  actionpack (4.2.1) lib/action_controller/metal/rendering.rb:16:in `render'
  actionpack (4.2.1) lib/action_controller/metal/instrumentation.rb:44:in `block (2 levels) in render'
  activesupport (4.2.1) lib/active_support/core_ext/benchmark.rb:12:in `block in ms'
  /Users/iuliasoimaru/.rbenv/versions/2.0.0-p481/lib/ruby/2.0.0/benchmark.rb:296:in `realtime'
  activesupport (4.2.1) lib/active_support/core_ext/benchmark.rb:12:in `ms'
  actionpack (4.2.1) lib/action_controller/metal/instrumentation.rb:44:in `block in render'
  actionpack (4.2.1) lib/action_controller/metal/instrumentation.rb:87:in `cleanup_view_runtime'
  actionpack (4.2.1) lib/action_controller/metal/instrumentation.rb:43:in `render'
  actionpack (4.2.1) lib/action_controller/metal/implicit_render.rb:10:in `default_render'
  actionpack (4.2.1) lib/action_controller/metal/implicit_render.rb:5:in `send_action'
  actionpack (4.2.1) lib/abstract_controller/base.rb:198:in `process_action'
  actionpack (4.2.1) lib/action_controller/metal/rendering.rb:10:in `process_action'
  actionpack (4.2.1) lib/abstract_controller/callbacks.rb:20:in `block in process_action'
  activesupport (4.2.1) lib/active_support/callbacks.rb:117:in `call'
  activesupport (4.2.1) lib/active_support/callbacks.rb:117:in `call'
  activesupport (4.2.1) lib/active_support/callbacks.rb:555:in `block (2 levels) in compile'
  activesupport (4.2.1) lib/active_support/callbacks.rb:505:in `call'
  activesupport (4.2.1) lib/active_support/callbacks.rb:505:in `call'
  activesupport (4.2.1) lib/active_support/callbacks.rb:92:in `_run_callbacks'
  activesupport (4.2.1) lib/active_support/callbacks.rb:776:in `_run_process_action_callbacks'
  activesupport (4.2.1) lib/active_support/callbacks.rb:81:in `run_callbacks'
  actionpack (4.2.1) lib/abstract_controller/callbacks.rb:19:in `process_action'
  actionpack (4.2.1) lib/action_controller/metal/rescue.rb:29:in `process_action'
  actionpack (4.2.1) lib/action_controller/metal/instrumentation.rb:32:in `block in process_action'
  activesupport (4.2.1) lib/active_support/notifications.rb:164:in `block in instrument'
  activesupport (4.2.1) lib/active_support/notifications/instrumenter.rb:20:in `instrument'
  activesupport (4.2.1) lib/active_support/notifications.rb:164:in `instrument'
  actionpack (4.2.1) lib/action_controller/metal/instrumentation.rb:30:in `process_action'
  actionpack (4.2.1) lib/action_controller/metal/params_wrapper.rb:250:in `process_action'
  actionpack (4.2.1) lib/abstract_controller/base.rb:137:in `process'
  actionview (4.2.1) lib/action_view/rendering.rb:30:in `process'
  actionpack (4.2.1) lib/action_controller/metal.rb:196:in `dispatch'
  actionpack (4.2.1) lib/action_controller/metal/rack_delegation.rb:13:in `dispatch'
  actionpack (4.2.1) lib/action_controller/metal.rb:237:in `block in action'
  actionpack (4.2.1) lib/action_dispatch/routing/route_set.rb:74:in `call'
  actionpack (4.2.1) lib/action_dispatch/routing/route_set.rb:74:in `dispatch'
  actionpack (4.2.1) lib/action_dispatch/routing/route_set.rb:43:in `serve'
  actionpack (4.2.1) lib/action_dispatch/journey/router.rb:43:in `block in serve'
  actionpack (4.2.1) lib/action_dispatch/journey/router.rb:30:in `each'
  actionpack (4.2.1) lib/action_dispatch/journey/router.rb:30:in `serve'
  actionpack (4.2.1) lib/action_dispatch/routing/route_set.rb:819:in `call'
  rack (1.6.4) lib/rack/etag.rb:24:in `call'
  rack (1.6.4) lib/rack/conditionalget.rb:25:in `call'
  rack (1.6.4) lib/rack/head.rb:13:in `call'
  actionpack (4.2.1) lib/action_dispatch/middleware/params_parser.rb:27:in `call'
  actionpack (4.2.1) lib/action_dispatch/middleware/flash.rb:260:in `call'
  rack (1.6.4) lib/rack/session/abstract/id.rb:225:in `context'
  rack (1.6.4) lib/rack/session/abstract/id.rb:220:in `call'
  actionpack (4.2.1) lib/action_dispatch/middleware/cookies.rb:560:in `call'
  actionpack (4.2.1) lib/action_dispatch/middleware/callbacks.rb:29:in `block in call'
  activesupport (4.2.1) lib/active_support/callbacks.rb:88:in `call'
  activesupport (4.2.1) lib/active_support/callbacks.rb:88:in `_run_callbacks'
  activesupport (4.2.1) lib/active_support/callbacks.rb:776:in `_run_call_callbacks'
  activesupport (4.2.1) lib/active_support/callbacks.rb:81:in `run_callbacks'
  actionpack (4.2.1) lib/action_dispatch/middleware/callbacks.rb:27:in `call'
  actionpack (4.2.1) lib/action_dispatch/middleware/reloader.rb:73:in `call'
  actionpack (4.2.1) lib/action_dispatch/middleware/remote_ip.rb:78:in `call'
  actionpack (4.2.1) lib/action_dispatch/middleware/debug_exceptions.rb:17:in `call'
  web-console (2.1.2) lib/web_console/middleware.rb:37:in `call'
  actionpack (4.2.1) lib/action_dispatch/middleware/show_exceptions.rb:30:in `call'
  railties (4.2.1) lib/rails/rack/logger.rb:38:in `call_app'
  railties (4.2.1) lib/rails/rack/logger.rb:20:in `block in call'
  activesupport (4.2.1) lib/active_support/tagged_logging.rb:68:in `block in tagged'
  activesupport (4.2.1) lib/active_support/tagged_logging.rb:26:in `tagged'
  activesupport (4.2.1) lib/active_support/tagged_logging.rb:68:in `tagged'
  railties (4.2.1) lib/rails/rack/logger.rb:20:in `call'
  actionpack (4.2.1) lib/action_dispatch/middleware/request_id.rb:21:in `call'
  rack (1.6.4) lib/rack/methodoverride.rb:22:in `call'
  rack (1.6.4) lib/rack/runtime.rb:18:in `call'
  activesupport (4.2.1) lib/active_support/cache/strategy/local_cache_middleware.rb:28:in `call'
  rack (1.6.4) lib/rack/lock.rb:17:in `call'
  actionpack (4.2.1) lib/action_dispatch/middleware/static.rb:113:in `call'
  rack (1.6.4) lib/rack/sendfile.rb:113:in `call'
  railties (4.2.1) lib/rails/engine.rb:518:in `call'
  railties (4.2.1) lib/rails/application.rb:164:in `call'
  rack (1.6.4) lib/rack/lock.rb:17:in `call'
  rack (1.6.4) lib/rack/content_length.rb:15:in `call'
  rack (1.6.4) lib/rack/handler/webrick.rb:88:in `service'
  /Users/iuliasoimaru/.rbenv/versions/2.0.0-p481/lib/ruby/2.0.0/webrick/httpserver.rb:138:in `service'
  /Users/iuliasoimaru/.rbenv/versions/2.0.0-p481/lib/ruby/2.0.0/webrick/httpserver.rb:94:in `run'
  /Users/iuliasoimaru/.rbenv/versions/2.0.0-p481/lib/ruby/2.0.0/webrick/server.rb:295:in `block in start_thread'


  Rendered /Users/iuliasoimaru/.rbenv/versions/2.0.0-p481/lib/ruby/gems/2.0.0/gems/actionpack-4.2.1/lib/action_dispatch/middleware/templates/rescues/_source.erb (7.5ms)
  Rendered /Users/iuliasoimaru/.rbenv/versions/2.0.0-p481/lib/ruby/gems/2.0.0/gems/actionpack-4.2.1/lib/action_dispatch/middleware/templates/rescues/_trace.html.erb (2.2ms)
  Rendered /Users/iuliasoimaru/.rbenv/versions/2.0.0-p481/lib/ruby/gems/2.0.0/gems/actionpack-4.2.1/lib/action_dispatch/middleware/templates/rescues/_request_and_response.html.erb (0.8ms)
  Rendered /Users/iuliasoimaru/.rbenv/versions/2.0.0-p481/lib/ruby/gems/2.0.0/gems/actionpack-4.2.1/lib/action_dispatch/middleware/templates/rescues/missing_template.html.erb within rescues/layout (26.5ms)
  Rendered /Users/iuliasoimaru/.rbenv/versions/2.0.0-p481/lib/ruby/gems/2.0.0/gems/web-console-2.1.2/lib/web_console/templates/_markup.html.erb (0.4ms)
  Rendered /Users/iuliasoimaru/.rbenv/versions/2.0.0-p481/lib/ruby/gems/2.0.0/gems/web-console-2.1.2/lib/web_console/templates/style.css.erb within layouts/inlined_string (0.4ms)
  Rendered /Users/iuliasoimaru/.rbenv/versions/2.0.0-p481/lib/ruby/gems/2.0.0/gems/web-console-2.1.2/lib/web_console/templates/_inner_console_markup.html.erb within layouts/inlined_string (0.3ms)
  Rendered /Users/iuliasoimaru/.rbenv/versions/2.0.0-p481/lib/ruby/gems/2.0.0/gems/web-console-2.1.2/lib/web_console/templates/_prompt_box_markup.html.erb within layouts/inlined_string (0.3ms)
  Rendered /Users/iuliasoimaru/.rbenv/versions/2.0.0-p481/lib/ruby/gems/2.0.0/gems/web-console-2.1.2/lib/web_console/templates/console.js.erb within layouts/javascript (18.1ms)
  Rendered /Users/iuliasoimaru/.rbenv/versions/2.0.0-p481/lib/ruby/gems/2.0.0/gems/web-console-2.1.2/lib/web_console/templates/main.js.erb within layouts/javascript (0.4ms)
  Rendered /Users/iuliasoimaru/.rbenv/versions/2.0.0-p481/lib/ruby/gems/2.0.0/gems/web-console-2.1.2/lib/web_console/templates/error_page.js.erb within layouts/javascript (0.4ms)
  Rendered /Users/iuliasoimaru/.rbenv/versions/2.0.0-p481/lib/ruby/gems/2.0.0/gems/web-console-2.1.2/lib/web_console/templates/index.html.erb (46.8ms)


Started GET "/" for ::1 at 2015-10-13 17:49:22 -0700
Processing by MobileAppsController#index as HTML
  Rendered mobile_apps/index.html.erb within layouts/application (0.4ms)
Completed 200 OK in 2057ms (Views: 2056.3ms)


Started GET "/" for ::1 at 2015-10-13 17:49:24 -0700
Processing by MobileAppsController#index as HTML
  Rendered mobile_apps/index.html.erb within layouts/application (0.1ms)
Completed 200 OK in 21ms (Views: 21.1ms)


Started GET "/assets/mobile_apps.self-e3b0c44298fc1c149afbf4c8996fb92427ae41e4649b934ca495991b7852b855.css?body=1" for ::1 at 2015-10-13 17:49:24 -0700


Started GET "/assets/application.self-e80e8f2318043e8af94dddc2adad5a4f09739a8ebb323b3ab31cd71d45fd9113.css?body=1" for ::1 at 2015-10-13 17:49:24 -0700


Started GET "/assets/application.self-3b8dabdc891efe46b9a144b400ad69e37d7e5876bdc39dee783419a69d7ca819.js?body=1" for ::1 at 2015-10-13 17:49:24 -0700


Started GET "/assets/jquery.self-d03a5518f45df77341bdbe6201ba3bfa547ebba8ed64f0ea56bfa5f96ea7c074.js?body=1" for ::1 at 2015-10-13 17:49:24 -0700


Started GET "/assets/mobile_apps.self-877aef30ae1b040ab8a3aba4e3e309a11d7f2612f44dde450b5c157aa5f95c05.js?body=1" for ::1 at 2015-10-13 17:49:24 -0700


Started GET "/assets/jquery_ujs.self-8e98a7a072a6cee1372d19fff9ff3e6aa1e39a37d89d6f06861637d061113ee7.js?body=1" for ::1 at 2015-10-13 17:49:24 -0700


Started GET "/assets/turbolinks.self-c37727e9bd6b2735da5c311aa83fead54ed0be6cc8bd9a65309e9c5abe2cbfff.js?body=1" for ::1 at 2015-10-13 17:49:24 -0700


Started GET "/" for ::1 at 2015-10-13 18:11:43 -0700
Processing by MobileAppsController#index as HTML
  Rendered mobile_apps/index.html.erb within layouts/application (0.5ms)
Completed 200 OK in 118ms (Views: 117.5ms)


Started GET "/assets/mobile_apps.self-e3b0c44298fc1c149afbf4c8996fb92427ae41e4649b934ca495991b7852b855.css?body=1" for ::1 at 2015-10-13 18:11:43 -0700


Started GET "/assets/turbolinks.self-c37727e9bd6b2735da5c311aa83fead54ed0be6cc8bd9a65309e9c5abe2cbfff.js?body=1" for ::1 at 2015-10-13 18:11:43 -0700


Started GET "/assets/application.self-3b8dabdc891efe46b9a144b400ad69e37d7e5876bdc39dee783419a69d7ca819.js?body=1" for ::1 at 2015-10-13 18:11:43 -0700


Started GET "/assets/mobile_apps.self-877aef30ae1b040ab8a3aba4e3e309a11d7f2612f44dde450b5c157aa5f95c05.js?body=1" for ::1 at 2015-10-13 18:11:43 -0700


Started GET "/assets/jquery_ujs.self-8e98a7a072a6cee1372d19fff9ff3e6aa1e39a37d89d6f06861637d061113ee7.js?body=1" for ::1 at 2015-10-13 18:11:43 -0700


Started GET "/assets/application.self-e80e8f2318043e8af94dddc2adad5a4f09739a8ebb323b3ab31cd71d45fd9113.css?body=1" for ::1 at 2015-10-13 18:11:43 -0700


Started GET "/assets/jquery.self-d03a5518f45df77341bdbe6201ba3bfa547ebba8ed64f0ea56bfa5f96ea7c074.js?body=1" for ::1 at 2015-10-13 18:11:43 -0700


Started GET "/" for ::1 at 2015-10-13 18:13:32 -0700
Processing by MobileAppsController#index as HTML
  Rendered mobile_apps/index.html.erb within layouts/application (0.1ms)
Completed 200 OK in 51ms (Views: 49.8ms)


Started GET "/assets/mobile_apps.self-e3b0c44298fc1c149afbf4c8996fb92427ae41e4649b934ca495991b7852b855.css?body=1" for ::1 at 2015-10-13 18:13:32 -0700


Started GET "/assets/application.self-870d999e8aeda1a6b64b57b1830f4fbcafd10f790a88051a1e9fd968cdea0c75.css?body=1" for ::1 at 2015-10-13 18:13:32 -0700


Started GET "/assets/application.self-3b8dabdc891efe46b9a144b400ad69e37d7e5876bdc39dee783419a69d7ca819.js?body=1" for ::1 at 2015-10-13 18:13:32 -0700


Started GET "/assets/jquery.self-d03a5518f45df77341bdbe6201ba3bfa547ebba8ed64f0ea56bfa5f96ea7c074.js?body=1" for ::1 at 2015-10-13 18:13:32 -0700


Started GET "/assets/jquery_ujs.self-8e98a7a072a6cee1372d19fff9ff3e6aa1e39a37d89d6f06861637d061113ee7.js?body=1" for ::1 at 2015-10-13 18:13:32 -0700


Started GET "/assets/turbolinks.self-c37727e9bd6b2735da5c311aa83fead54ed0be6cc8bd9a65309e9c5abe2cbfff.js?body=1" for ::1 at 2015-10-13 18:13:32 -0700


Started GET "/assets/mobile_apps.self-877aef30ae1b040ab8a3aba4e3e309a11d7f2612f44dde450b5c157aa5f95c05.js?body=1" for ::1 at 2015-10-13 18:13:32 -0700


Started GET "/" for ::1 at 2015-10-13 18:15:14 -0700
Processing by MobileAppsController#index as HTML
  Rendered mobile_apps/index.html.erb within layouts/application (0.6ms)
Completed 200 OK in 88ms (Views: 87.3ms)


Started GET "/assets/application.self-b86930010e4ef60919082a19a4ef6882e4b087ec44d9bcf642fa796b62e9a1aa.css?body=1" for ::1 at 2015-10-13 18:15:14 -0700


Started GET "/assets/mobile_apps.self-e3b0c44298fc1c149afbf4c8996fb92427ae41e4649b934ca495991b7852b855.css?body=1" for ::1 at 2015-10-13 18:15:14 -0700


Started GET "/assets/jquery_ujs.self-8e98a7a072a6cee1372d19fff9ff3e6aa1e39a37d89d6f06861637d061113ee7.js?body=1" for ::1 at 2015-10-13 18:15:14 -0700


Started GET "/assets/application.self-3b8dabdc891efe46b9a144b400ad69e37d7e5876bdc39dee783419a69d7ca819.js?body=1" for ::1 at 2015-10-13 18:15:14 -0700


Started GET "/assets/turbolinks.self-c37727e9bd6b2735da5c311aa83fead54ed0be6cc8bd9a65309e9c5abe2cbfff.js?body=1" for ::1 at 2015-10-13 18:15:14 -0700


Started GET "/assets/jquery.self-d03a5518f45df77341bdbe6201ba3bfa547ebba8ed64f0ea56bfa5f96ea7c074.js?body=1" for ::1 at 2015-10-13 18:15:14 -0700


Started GET "/assets/mobile_apps.self-877aef30ae1b040ab8a3aba4e3e309a11d7f2612f44dde450b5c157aa5f95c05.js?body=1" for ::1 at 2015-10-13 18:15:14 -0700


Started GET "/" for ::1 at 2015-10-13 18:15:35 -0700
Processing by MobileAppsController#index as HTML
  Rendered mobile_apps/index.html.erb within layouts/application (0.1ms)
Completed 200 OK in 90ms (Views: 88.8ms)


Started GET "/assets/application.self-caa1825cc34ffecada6515b117be58360854907c91e7dc05aac6c040023454a4.css?body=1" for ::1 at 2015-10-13 18:15:35 -0700


Started GET "/assets/mobile_apps.self-e3b0c44298fc1c149afbf4c8996fb92427ae41e4649b934ca495991b7852b855.css?body=1" for ::1 at 2015-10-13 18:15:35 -0700


Started GET "/assets/jquery.self-d03a5518f45df77341bdbe6201ba3bfa547ebba8ed64f0ea56bfa5f96ea7c074.js?body=1" for ::1 at 2015-10-13 18:15:35 -0700


Started GET "/assets/turbolinks.self-c37727e9bd6b2735da5c311aa83fead54ed0be6cc8bd9a65309e9c5abe2cbfff.js?body=1" for ::1 at 2015-10-13 18:15:35 -0700


Started GET "/assets/jquery_ujs.self-8e98a7a072a6cee1372d19fff9ff3e6aa1e39a37d89d6f06861637d061113ee7.js?body=1" for ::1 at 2015-10-13 18:15:35 -0700


Started GET "/assets/mobile_apps.self-877aef30ae1b040ab8a3aba4e3e309a11d7f2612f44dde450b5c157aa5f95c05.js?body=1" for ::1 at 2015-10-13 18:15:35 -0700


Started GET "/assets/application.self-3b8dabdc891efe46b9a144b400ad69e37d7e5876bdc39dee783419a69d7ca819.js?body=1" for ::1 at 2015-10-13 18:15:35 -0700


Started GET "/" for ::1 at 2015-10-13 18:15:37 -0700
Processing by MobileAppsController#index as HTML
  Rendered mobile_apps/index.html.erb within layouts/application (0.1ms)
Completed 200 OK in 20ms (Views: 19.7ms)


Started GET "/assets/application.self-caa1825cc34ffecada6515b117be58360854907c91e7dc05aac6c040023454a4.css?body=1" for ::1 at 2015-10-13 18:15:37 -0700


Started GET "/assets/mobile_apps.self-e3b0c44298fc1c149afbf4c8996fb92427ae41e4649b934ca495991b7852b855.css?body=1" for ::1 at 2015-10-13 18:15:37 -0700


Started GET "/assets/jquery_ujs.self-8e98a7a072a6cee1372d19fff9ff3e6aa1e39a37d89d6f06861637d061113ee7.js?body=1" for ::1 at 2015-10-13 18:15:37 -0700


Started GET "/assets/application.self-3b8dabdc891efe46b9a144b400ad69e37d7e5876bdc39dee783419a69d7ca819.js?body=1" for ::1 at 2015-10-13 18:15:37 -0700


Started GET "/assets/jquery.self-d03a5518f45df77341bdbe6201ba3bfa547ebba8ed64f0ea56bfa5f96ea7c074.js?body=1" for ::1 at 2015-10-13 18:15:37 -0700


Started GET "/assets/turbolinks.self-c37727e9bd6b2735da5c311aa83fead54ed0be6cc8bd9a65309e9c5abe2cbfff.js?body=1" for ::1 at 2015-10-13 18:15:37 -0700


Started GET "/assets/mobile_apps.self-877aef30ae1b040ab8a3aba4e3e309a11d7f2612f44dde450b5c157aa5f95c05.js?body=1" for ::1 at 2015-10-13 18:15:37 -0700


Started GET "/" for ::1 at 2015-10-13 18:18:18 -0700
Processing by MobileAppsController#index as HTML
  Rendered mobile_apps/index.html.erb within layouts/application (0.1ms)
Completed 200 OK in 25ms (Views: 25.0ms)


Started GET "/assets/application.self-caa1825cc34ffecada6515b117be58360854907c91e7dc05aac6c040023454a4.css?body=1" for ::1 at 2015-10-13 18:18:18 -0700


Started GET "/assets/mobile_apps.self-877aef30ae1b040ab8a3aba4e3e309a11d7f2612f44dde450b5c157aa5f95c05.js?body=1" for ::1 at 2015-10-13 18:18:18 -0700


Started GET "/assets/mobile_apps.self-e3b0c44298fc1c149afbf4c8996fb92427ae41e4649b934ca495991b7852b855.css?body=1" for ::1 at 2015-10-13 18:18:18 -0700


Started GET "/assets/turbolinks.self-c37727e9bd6b2735da5c311aa83fead54ed0be6cc8bd9a65309e9c5abe2cbfff.js?body=1" for ::1 at 2015-10-13 18:18:18 -0700


Started GET "/assets/jquery_ujs.self-8e98a7a072a6cee1372d19fff9ff3e6aa1e39a37d89d6f06861637d061113ee7.js?body=1" for ::1 at 2015-10-13 18:18:18 -0700


Started GET "/assets/jquery.self-d03a5518f45df77341bdbe6201ba3bfa547ebba8ed64f0ea56bfa5f96ea7c074.js?body=1" for ::1 at 2015-10-13 18:18:18 -0700


Started GET "/assets/application.self-3b8dabdc891efe46b9a144b400ad69e37d7e5876bdc39dee783419a69d7ca819.js?body=1" for ::1 at 2015-10-13 18:18:18 -0700


Started GET "/" for ::1 at 2015-10-13 18:21:21 -0700
Processing by MobileAppsController#index as HTML
  Rendered mobile_apps/index.html.erb within layouts/application (0.4ms)
Completed 200 OK in 21ms (Views: 21.0ms)


Started GET "/assets/mobile_apps.self-e3b0c44298fc1c149afbf4c8996fb92427ae41e4649b934ca495991b7852b855.css?body=1" for ::1 at 2015-10-13 18:21:21 -0700


Started GET "/assets/jquery.self-d03a5518f45df77341bdbe6201ba3bfa547ebba8ed64f0ea56bfa5f96ea7c074.js?body=1" for ::1 at 2015-10-13 18:21:21 -0700


Started GET "/assets/jquery_ujs.self-8e98a7a072a6cee1372d19fff9ff3e6aa1e39a37d89d6f06861637d061113ee7.js?body=1" for ::1 at 2015-10-13 18:21:21 -0700


Started GET "/assets/application.self-caa1825cc34ffecada6515b117be58360854907c91e7dc05aac6c040023454a4.css?body=1" for ::1 at 2015-10-13 18:21:21 -0700


Started GET "/assets/mobile_apps.self-877aef30ae1b040ab8a3aba4e3e309a11d7f2612f44dde450b5c157aa5f95c05.js?body=1" for ::1 at 2015-10-13 18:21:21 -0700


Started GET "/assets/turbolinks.self-c37727e9bd6b2735da5c311aa83fead54ed0be6cc8bd9a65309e9c5abe2cbfff.js?body=1" for ::1 at 2015-10-13 18:21:21 -0700


Started GET "/assets/application.self-3b8dabdc891efe46b9a144b400ad69e37d7e5876bdc39dee783419a69d7ca819.js?body=1" for ::1 at 2015-10-13 18:21:21 -0700


Started GET "/" for ::1 at 2015-10-13 18:22:46 -0700
Processing by MobileAppsController#index as HTML
  Rendered mobile_apps/index.html.erb within layouts/application (0.4ms)
Completed 200 OK in 21ms (Views: 20.1ms)


Started GET "/assets/mobile_apps.self-e3b0c44298fc1c149afbf4c8996fb92427ae41e4649b934ca495991b7852b855.css?body=1" for ::1 at 2015-10-13 18:22:46 -0700


Started GET "/assets/application.self-caa1825cc34ffecada6515b117be58360854907c91e7dc05aac6c040023454a4.css?body=1" for ::1 at 2015-10-13 18:22:46 -0700


Started GET "/assets/jquery.self-d03a5518f45df77341bdbe6201ba3bfa547ebba8ed64f0ea56bfa5f96ea7c074.js?body=1" for ::1 at 2015-10-13 18:22:46 -0700


Started GET "/assets/application.self-3b8dabdc891efe46b9a144b400ad69e37d7e5876bdc39dee783419a69d7ca819.js?body=1" for ::1 at 2015-10-13 18:22:46 -0700


Started GET "/assets/turbolinks.self-c37727e9bd6b2735da5c311aa83fead54ed0be6cc8bd9a65309e9c5abe2cbfff.js?body=1" for ::1 at 2015-10-13 18:22:46 -0700


Started GET "/assets/jquery_ujs.self-8e98a7a072a6cee1372d19fff9ff3e6aa1e39a37d89d6f06861637d061113ee7.js?body=1" for ::1 at 2015-10-13 18:22:46 -0700


Started GET "/assets/mobile_apps.self-877aef30ae1b040ab8a3aba4e3e309a11d7f2612f44dde450b5c157aa5f95c05.js?body=1" for ::1 at 2015-10-13 18:22:46 -0700


Started GET "/" for ::1 at 2015-10-13 18:23:43 -0700
Processing by MobileAppsController#index as HTML
  Rendered mobile_apps/index.html.erb within layouts/application (0.0ms)
Completed 200 OK in 20ms (Views: 19.8ms)


Started GET "/assets/application.self-caa1825cc34ffecada6515b117be58360854907c91e7dc05aac6c040023454a4.css?body=1" for ::1 at 2015-10-13 18:23:43 -0700


Started GET "/assets/jquery.self-d03a5518f45df77341bdbe6201ba3bfa547ebba8ed64f0ea56bfa5f96ea7c074.js?body=1" for ::1 at 2015-10-13 18:23:43 -0700


Started GET "/assets/jquery_ujs.self-8e98a7a072a6cee1372d19fff9ff3e6aa1e39a37d89d6f06861637d061113ee7.js?body=1" for ::1 at 2015-10-13 18:23:43 -0700


Started GET "/assets/mobile_apps.self-e3b0c44298fc1c149afbf4c8996fb92427ae41e4649b934ca495991b7852b855.css?body=1" for ::1 at 2015-10-13 18:23:43 -0700


Started GET "/assets/mobile_apps.self-877aef30ae1b040ab8a3aba4e3e309a11d7f2612f44dde450b5c157aa5f95c05.js?body=1" for ::1 at 2015-10-13 18:23:43 -0700


Started GET "/assets/turbolinks.self-c37727e9bd6b2735da5c311aa83fead54ed0be6cc8bd9a65309e9c5abe2cbfff.js?body=1" for ::1 at 2015-10-13 18:23:43 -0700


Started GET "/assets/application.self-3b8dabdc891efe46b9a144b400ad69e37d7e5876bdc39dee783419a69d7ca819.js?body=1" for ::1 at 2015-10-13 18:23:43 -0700


Started GET "/" for ::1 at 2015-10-13 18:24:24 -0700
Processing by MobileAppsController#index as HTML
  Rendered mobile_apps/index.html.erb within layouts/application (0.0ms)
Completed 200 OK in 96ms (Views: 96.1ms)


Started GET "/assets/application.self-8c9add3b4fbff634a56bc0a62e2b5b443ea34b740e88f3cea67478b82aa9b46e.css?body=1" for ::1 at 2015-10-13 18:24:24 -0700


Started GET "/assets/mobile_apps.self-e3b0c44298fc1c149afbf4c8996fb92427ae41e4649b934ca495991b7852b855.css?body=1" for ::1 at 2015-10-13 18:24:24 -0700


Started GET "/assets/jquery.self-d03a5518f45df77341bdbe6201ba3bfa547ebba8ed64f0ea56bfa5f96ea7c074.js?body=1" for ::1 at 2015-10-13 18:24:24 -0700


Started GET "/assets/turbolinks.self-c37727e9bd6b2735da5c311aa83fead54ed0be6cc8bd9a65309e9c5abe2cbfff.js?body=1" for ::1 at 2015-10-13 18:24:24 -0700


Started GET "/assets/jquery_ujs.self-8e98a7a072a6cee1372d19fff9ff3e6aa1e39a37d89d6f06861637d061113ee7.js?body=1" for ::1 at 2015-10-13 18:24:24 -0700


Started GET "/assets/application.self-3b8dabdc891efe46b9a144b400ad69e37d7e5876bdc39dee783419a69d7ca819.js?body=1" for ::1 at 2015-10-13 18:24:24 -0700


Started GET "/assets/mobile_apps.self-877aef30ae1b040ab8a3aba4e3e309a11d7f2612f44dde450b5c157aa5f95c05.js?body=1" for ::1 at 2015-10-13 18:24:24 -0700


Started GET "/" for ::1 at 2015-10-13 18:24:25 -0700
Processing by MobileAppsController#index as HTML
  Rendered mobile_apps/index.html.erb within layouts/application (0.1ms)
Completed 200 OK in 19ms (Views: 18.3ms)


Started GET "/assets/mobile_apps.self-e3b0c44298fc1c149afbf4c8996fb92427ae41e4649b934ca495991b7852b855.css?body=1" for ::1 at 2015-10-13 18:24:25 -0700


Started GET "/assets/application.self-8c9add3b4fbff634a56bc0a62e2b5b443ea34b740e88f3cea67478b82aa9b46e.css?body=1" for ::1 at 2015-10-13 18:24:25 -0700


Started GET "/assets/mobile_apps.self-877aef30ae1b040ab8a3aba4e3e309a11d7f2612f44dde450b5c157aa5f95c05.js?body=1" for ::1 at 2015-10-13 18:24:25 -0700


Started GET "/assets/turbolinks.self-c37727e9bd6b2735da5c311aa83fead54ed0be6cc8bd9a65309e9c5abe2cbfff.js?body=1" for ::1 at 2015-10-13 18:24:25 -0700


Started GET "/assets/jquery.self-d03a5518f45df77341bdbe6201ba3bfa547ebba8ed64f0ea56bfa5f96ea7c074.js?body=1" for ::1 at 2015-10-13 18:24:25 -0700


Started GET "/assets/jquery_ujs.self-8e98a7a072a6cee1372d19fff9ff3e6aa1e39a37d89d6f06861637d061113ee7.js?body=1" for ::1 at 2015-10-13 18:24:25 -0700


Started GET "/assets/application.self-3b8dabdc891efe46b9a144b400ad69e37d7e5876bdc39dee783419a69d7ca819.js?body=1" for ::1 at 2015-10-13 18:24:25 -0700


Started GET "/" for ::1 at 2015-10-13 18:27:08 -0700
Processing by MobileAppsController#index as HTML
  Rendered mobile_apps/index.html.erb within layouts/application (0.5ms)
Completed 200 OK in 100ms (Views: 99.7ms)


Started GET "/assets/application.self-04139a9908966bd26cb774d2f70ad31481636d0d1210b774f1991690a2b1452e.css?body=1" for ::1 at 2015-10-13 18:27:08 -0700


Started GET "/assets/mobile_apps.self-e3b0c44298fc1c149afbf4c8996fb92427ae41e4649b934ca495991b7852b855.css?body=1" for ::1 at 2015-10-13 18:27:08 -0700


Started GET "/assets/jquery.self-d03a5518f45df77341bdbe6201ba3bfa547ebba8ed64f0ea56bfa5f96ea7c074.js?body=1" for ::1 at 2015-10-13 18:27:08 -0700


Started GET "/assets/jquery_ujs.self-8e98a7a072a6cee1372d19fff9ff3e6aa1e39a37d89d6f06861637d061113ee7.js?body=1" for ::1 at 2015-10-13 18:27:08 -0700


Started GET "/assets/turbolinks.self-c37727e9bd6b2735da5c311aa83fead54ed0be6cc8bd9a65309e9c5abe2cbfff.js?body=1" for ::1 at 2015-10-13 18:27:08 -0700


Started GET "/assets/application.self-3b8dabdc891efe46b9a144b400ad69e37d7e5876bdc39dee783419a69d7ca819.js?body=1" for ::1 at 2015-10-13 18:27:08 -0700


Started GET "/assets/mobile_apps.self-877aef30ae1b040ab8a3aba4e3e309a11d7f2612f44dde450b5c157aa5f95c05.js?body=1" for ::1 at 2015-10-13 18:27:08 -0700


Started GET "/" for ::1 at 2015-10-13 18:27:13 -0700
Processing by MobileAppsController#index as HTML
  Rendered mobile_apps/index.html.erb within layouts/application (0.1ms)
Completed 200 OK in 72ms (Views: 71.0ms)


Started GET "/assets/application.self-04139a9908966bd26cb774d2f70ad31481636d0d1210b774f1991690a2b1452e.css?body=1" for ::1 at 2015-10-13 18:27:13 -0700


Started GET "/assets/mobile_apps.self-e3b0c44298fc1c149afbf4c8996fb92427ae41e4649b934ca495991b7852b855.css?body=1" for ::1 at 2015-10-13 18:27:13 -0700


Started GET "/assets/turbolinks.self-c37727e9bd6b2735da5c311aa83fead54ed0be6cc8bd9a65309e9c5abe2cbfff.js?body=1" for ::1 at 2015-10-13 18:27:13 -0700


Started GET "/assets/jquery.self-d03a5518f45df77341bdbe6201ba3bfa547ebba8ed64f0ea56bfa5f96ea7c074.js?body=1" for ::1 at 2015-10-13 18:27:13 -0700


Started GET "/assets/jquery_ujs.self-8e98a7a072a6cee1372d19fff9ff3e6aa1e39a37d89d6f06861637d061113ee7.js?body=1" for ::1 at 2015-10-13 18:27:13 -0700


Started GET "/assets/mobile_apps.self-877aef30ae1b040ab8a3aba4e3e309a11d7f2612f44dde450b5c157aa5f95c05.js?body=1" for ::1 at 2015-10-13 18:27:13 -0700


Started GET "/assets/application.self-3b8dabdc891efe46b9a144b400ad69e37d7e5876bdc39dee783419a69d7ca819.js?body=1" for ::1 at 2015-10-13 18:27:13 -0700


Started GET "/" for ::1 at 2015-10-13 18:27:38 -0700
Processing by MobileAppsController#index as HTML
  Rendered mobile_apps/index.html.erb within layouts/application (0.1ms)
Completed 200 OK in 98ms (Views: 96.8ms)


Started GET "/assets/application.self-4c9c92243763289f22c21927428c650c2e1290003c840fb4f3535d520b0eaba5.css?body=1" for ::1 at 2015-10-13 18:27:38 -0700


Started GET "/assets/mobile_apps.self-e3b0c44298fc1c149afbf4c8996fb92427ae41e4649b934ca495991b7852b855.css?body=1" for ::1 at 2015-10-13 18:27:38 -0700


Started GET "/assets/jquery_ujs.self-8e98a7a072a6cee1372d19fff9ff3e6aa1e39a37d89d6f06861637d061113ee7.js?body=1" for ::1 at 2015-10-13 18:27:38 -0700


Started GET "/assets/mobile_apps.self-877aef30ae1b040ab8a3aba4e3e309a11d7f2612f44dde450b5c157aa5f95c05.js?body=1" for ::1 at 2015-10-13 18:27:38 -0700


Started GET "/assets/jquery.self-d03a5518f45df77341bdbe6201ba3bfa547ebba8ed64f0ea56bfa5f96ea7c074.js?body=1" for ::1 at 2015-10-13 18:27:38 -0700


Started GET "/assets/turbolinks.self-c37727e9bd6b2735da5c311aa83fead54ed0be6cc8bd9a65309e9c5abe2cbfff.js?body=1" for ::1 at 2015-10-13 18:27:38 -0700


Started GET "/assets/application.self-3b8dabdc891efe46b9a144b400ad69e37d7e5876bdc39dee783419a69d7ca819.js?body=1" for ::1 at 2015-10-13 18:27:38 -0700


Started GET "/" for ::1 at 2015-10-13 18:27:39 -0700
Processing by MobileAppsController#index as HTML
  Rendered mobile_apps/index.html.erb within layouts/application (0.1ms)
Completed 200 OK in 20ms (Views: 19.9ms)


Started GET "/assets/mobile_apps.self-e3b0c44298fc1c149afbf4c8996fb92427ae41e4649b934ca495991b7852b855.css?body=1" for ::1 at 2015-10-13 18:27:39 -0700


Started GET "/assets/jquery_ujs.self-8e98a7a072a6cee1372d19fff9ff3e6aa1e39a37d89d6f06861637d061113ee7.js?body=1" for ::1 at 2015-10-13 18:27:39 -0700


Started GET "/assets/turbolinks.self-c37727e9bd6b2735da5c311aa83fead54ed0be6cc8bd9a65309e9c5abe2cbfff.js?body=1" for ::1 at 2015-10-13 18:27:39 -0700


Started GET "/assets/jquery.self-d03a5518f45df77341bdbe6201ba3bfa547ebba8ed64f0ea56bfa5f96ea7c074.js?body=1" for ::1 at 2015-10-13 18:27:39 -0700


Started GET "/assets/application.self-4c9c92243763289f22c21927428c650c2e1290003c840fb4f3535d520b0eaba5.css?body=1" for ::1 at 2015-10-13 18:27:39 -0700


Started GET "/assets/mobile_apps.self-877aef30ae1b040ab8a3aba4e3e309a11d7f2612f44dde450b5c157aa5f95c05.js?body=1" for ::1 at 2015-10-13 18:27:39 -0700


Started GET "/assets/application.self-3b8dabdc891efe46b9a144b400ad69e37d7e5876bdc39dee783419a69d7ca819.js?body=1" for ::1 at 2015-10-13 18:27:39 -0700


Started GET "/" for ::1 at 2015-10-13 18:27:49 -0700
Processing by MobileAppsController#index as HTML
  Rendered mobile_apps/index.html.erb within layouts/application (0.0ms)
Completed 200 OK in 98ms (Views: 97.3ms)


Started GET "/assets/jquery.self-d03a5518f45df77341bdbe6201ba3bfa547ebba8ed64f0ea56bfa5f96ea7c074.js?body=1" for ::1 at 2015-10-13 18:27:49 -0700


Started GET "/assets/mobile_apps.self-877aef30ae1b040ab8a3aba4e3e309a11d7f2612f44dde450b5c157aa5f95c05.js?body=1" for ::1 at 2015-10-13 18:27:49 -0700


Started GET "/assets/application.self-01b9f0f28166e7a55d5209ab4e498eee0163212bf016e5dde160be58453f1ecb.css?body=1" for ::1 at 2015-10-13 18:27:49 -0700


Started GET "/assets/jquery_ujs.self-8e98a7a072a6cee1372d19fff9ff3e6aa1e39a37d89d6f06861637d061113ee7.js?body=1" for ::1 at 2015-10-13 18:27:49 -0700


Started GET "/assets/mobile_apps.self-e3b0c44298fc1c149afbf4c8996fb92427ae41e4649b934ca495991b7852b855.css?body=1" for ::1 at 2015-10-13 18:27:49 -0700


Started GET "/assets/turbolinks.self-c37727e9bd6b2735da5c311aa83fead54ed0be6cc8bd9a65309e9c5abe2cbfff.js?body=1" for ::1 at 2015-10-13 18:27:49 -0700


Started GET "/assets/application.self-3b8dabdc891efe46b9a144b400ad69e37d7e5876bdc39dee783419a69d7ca819.js?body=1" for ::1 at 2015-10-13 18:27:49 -0700


Started GET "/" for ::1 at 2015-10-13 18:28:57 -0700
Processing by MobileAppsController#index as HTML
  Rendered mobile_apps/index.html.erb within layouts/application (0.4ms)
Completed 200 OK in 92ms (Views: 91.2ms)


Started GET "/assets/application.self-34008fb46a76b45ba0bb2cca3c6d539213473185868ea00abc5fa45bad241658.css?body=1" for ::1 at 2015-10-13 18:28:57 -0700


Started GET "/assets/mobile_apps.self-e3b0c44298fc1c149afbf4c8996fb92427ae41e4649b934ca495991b7852b855.css?body=1" for ::1 at 2015-10-13 18:28:57 -0700


Started GET "/assets/application.self-3b8dabdc891efe46b9a144b400ad69e37d7e5876bdc39dee783419a69d7ca819.js?body=1" for ::1 at 2015-10-13 18:28:57 -0700


Started GET "/assets/jquery.self-d03a5518f45df77341bdbe6201ba3bfa547ebba8ed64f0ea56bfa5f96ea7c074.js?body=1" for ::1 at 2015-10-13 18:28:57 -0700


Started GET "/assets/mobile_apps.self-877aef30ae1b040ab8a3aba4e3e309a11d7f2612f44dde450b5c157aa5f95c05.js?body=1" for ::1 at 2015-10-13 18:28:57 -0700


Started GET "/assets/jquery_ujs.self-8e98a7a072a6cee1372d19fff9ff3e6aa1e39a37d89d6f06861637d061113ee7.js?body=1" for ::1 at 2015-10-13 18:28:57 -0700


Started GET "/assets/turbolinks.self-c37727e9bd6b2735da5c311aa83fead54ed0be6cc8bd9a65309e9c5abe2cbfff.js?body=1" for ::1 at 2015-10-13 18:28:57 -0700


Started GET "/" for ::1 at 2015-10-13 18:29:20 -0700
Processing by MobileAppsController#index as HTML
  Rendered mobile_apps/index.html.erb within layouts/application (0.1ms)
Completed 200 OK in 93ms (Views: 92.8ms)


Started GET "/assets/mobile_apps.self-e3b0c44298fc1c149afbf4c8996fb92427ae41e4649b934ca495991b7852b855.css?body=1" for ::1 at 2015-10-13 18:29:21 -0700


Started GET "/assets/application.self-8492b8d5e5d4eb2ef4931744ef8005ead1fd531c510583a36d4dc290b8ceb2b3.css?body=1" for ::1 at 2015-10-13 18:29:21 -0700


Started GET "/assets/mobile_apps.self-877aef30ae1b040ab8a3aba4e3e309a11d7f2612f44dde450b5c157aa5f95c05.js?body=1" for ::1 at 2015-10-13 18:29:21 -0700


Started GET "/assets/turbolinks.self-c37727e9bd6b2735da5c311aa83fead54ed0be6cc8bd9a65309e9c5abe2cbfff.js?body=1" for ::1 at 2015-10-13 18:29:21 -0700


Started GET "/assets/jquery.self-d03a5518f45df77341bdbe6201ba3bfa547ebba8ed64f0ea56bfa5f96ea7c074.js?body=1" for ::1 at 2015-10-13 18:29:21 -0700


Started GET "/assets/jquery_ujs.self-8e98a7a072a6cee1372d19fff9ff3e6aa1e39a37d89d6f06861637d061113ee7.js?body=1" for ::1 at 2015-10-13 18:29:21 -0700


Started GET "/assets/application.self-3b8dabdc891efe46b9a144b400ad69e37d7e5876bdc39dee783419a69d7ca819.js?body=1" for ::1 at 2015-10-13 18:29:21 -0700


Started GET "/" for ::1 at 2015-10-13 18:29:29 -0700
Processing by MobileAppsController#index as HTML
  Rendered mobile_apps/index.html.erb within layouts/application (0.4ms)
Completed 200 OK in 29ms (Views: 28.5ms)


Started GET "/assets/application.self-8492b8d5e5d4eb2ef4931744ef8005ead1fd531c510583a36d4dc290b8ceb2b3.css?body=1" for ::1 at 2015-10-13 18:29:29 -0700


Started GET "/assets/jquery.self-d03a5518f45df77341bdbe6201ba3bfa547ebba8ed64f0ea56bfa5f96ea7c074.js?body=1" for ::1 at 2015-10-13 18:29:29 -0700


Started GET "/assets/jquery_ujs.self-8e98a7a072a6cee1372d19fff9ff3e6aa1e39a37d89d6f06861637d061113ee7.js?body=1" for ::1 at 2015-10-13 18:29:29 -0700


Started GET "/assets/mobile_apps.self-877aef30ae1b040ab8a3aba4e3e309a11d7f2612f44dde450b5c157aa5f95c05.js?body=1" for ::1 at 2015-10-13 18:29:29 -0700


Started GET "/assets/turbolinks.self-c37727e9bd6b2735da5c311aa83fead54ed0be6cc8bd9a65309e9c5abe2cbfff.js?body=1" for ::1 at 2015-10-13 18:29:29 -0700


Started GET "/assets/mobile_apps.self-e3b0c44298fc1c149afbf4c8996fb92427ae41e4649b934ca495991b7852b855.css?body=1" for ::1 at 2015-10-13 18:29:29 -0700


Started GET "/assets/application.self-3b8dabdc891efe46b9a144b400ad69e37d7e5876bdc39dee783419a69d7ca819.js?body=1" for ::1 at 2015-10-13 18:29:29 -0700


Started GET "/" for ::1 at 2015-10-13 18:30:20 -0700
Processing by MobileAppsController#index as HTML
  Rendered mobile_apps/index.html.erb within layouts/application (0.0ms)
Completed 200 OK in 92ms (Views: 91.8ms)


Started GET "/assets/application.self-d71caa23d2512dfe12f354d64ba2dc8258d9f373f9aa46ab4c48d10844468885.css?body=1" for ::1 at 2015-10-13 18:30:20 -0700


Started GET "/assets/mobile_apps.self-e3b0c44298fc1c149afbf4c8996fb92427ae41e4649b934ca495991b7852b855.css?body=1" for ::1 at 2015-10-13 18:30:20 -0700


Started GET "/assets/application.self-3b8dabdc891efe46b9a144b400ad69e37d7e5876bdc39dee783419a69d7ca819.js?body=1" for ::1 at 2015-10-13 18:30:20 -0700


Started GET "/assets/jquery.self-d03a5518f45df77341bdbe6201ba3bfa547ebba8ed64f0ea56bfa5f96ea7c074.js?body=1" for ::1 at 2015-10-13 18:30:20 -0700


Started GET "/assets/jquery_ujs.self-8e98a7a072a6cee1372d19fff9ff3e6aa1e39a37d89d6f06861637d061113ee7.js?body=1" for ::1 at 2015-10-13 18:30:20 -0700


Started GET "/assets/turbolinks.self-c37727e9bd6b2735da5c311aa83fead54ed0be6cc8bd9a65309e9c5abe2cbfff.js?body=1" for ::1 at 2015-10-13 18:30:20 -0700


Started GET "/assets/mobile_apps.self-877aef30ae1b040ab8a3aba4e3e309a11d7f2612f44dde450b5c157aa5f95c05.js?body=1" for ::1 at 2015-10-13 18:30:20 -0700


Started GET "/" for ::1 at 2015-10-13 18:30:21 -0700
Processing by MobileAppsController#index as HTML
  Rendered mobile_apps/index.html.erb within layouts/application (0.1ms)
Completed 200 OK in 24ms (Views: 22.8ms)


Started GET "/assets/application.self-d71caa23d2512dfe12f354d64ba2dc8258d9f373f9aa46ab4c48d10844468885.css?body=1" for ::1 at 2015-10-13 18:30:22 -0700


Started GET "/assets/mobile_apps.self-e3b0c44298fc1c149afbf4c8996fb92427ae41e4649b934ca495991b7852b855.css?body=1" for ::1 at 2015-10-13 18:30:22 -0700


Started GET "/assets/mobile_apps.self-877aef30ae1b040ab8a3aba4e3e309a11d7f2612f44dde450b5c157aa5f95c05.js?body=1" for ::1 at 2015-10-13 18:30:22 -0700


Started GET "/assets/jquery.self-d03a5518f45df77341bdbe6201ba3bfa547ebba8ed64f0ea56bfa5f96ea7c074.js?body=1" for ::1 at 2015-10-13 18:30:22 -0700


Started GET "/assets/jquery_ujs.self-8e98a7a072a6cee1372d19fff9ff3e6aa1e39a37d89d6f06861637d061113ee7.js?body=1" for ::1 at 2015-10-13 18:30:22 -0700


Started GET "/assets/turbolinks.self-c37727e9bd6b2735da5c311aa83fead54ed0be6cc8bd9a65309e9c5abe2cbfff.js?body=1" for ::1 at 2015-10-13 18:30:22 -0700


Started GET "/assets/application.self-3b8dabdc891efe46b9a144b400ad69e37d7e5876bdc39dee783419a69d7ca819.js?body=1" for ::1 at 2015-10-13 18:30:22 -0700


Started GET "/" for ::1 at 2015-10-13 18:30:22 -0700
Processing by MobileAppsController#index as HTML
  Rendered mobile_apps/index.html.erb within layouts/application (0.1ms)
Completed 200 OK in 22ms (Views: 21.7ms)


Started GET "/assets/mobile_apps.self-e3b0c44298fc1c149afbf4c8996fb92427ae41e4649b934ca495991b7852b855.css?body=1" for ::1 at 2015-10-13 18:30:22 -0700


Started GET "/assets/jquery_ujs.self-8e98a7a072a6cee1372d19fff9ff3e6aa1e39a37d89d6f06861637d061113ee7.js?body=1" for ::1 at 2015-10-13 18:30:22 -0700


Started GET "/assets/jquery.self-d03a5518f45df77341bdbe6201ba3bfa547ebba8ed64f0ea56bfa5f96ea7c074.js?body=1" for ::1 at 2015-10-13 18:30:22 -0700


Started GET "/assets/application.self-d71caa23d2512dfe12f354d64ba2dc8258d9f373f9aa46ab4c48d10844468885.css?body=1" for ::1 at 2015-10-13 18:30:22 -0700


Started GET "/assets/turbolinks.self-c37727e9bd6b2735da5c311aa83fead54ed0be6cc8bd9a65309e9c5abe2cbfff.js?body=1" for ::1 at 2015-10-13 18:30:22 -0700


Started GET "/assets/mobile_apps.self-877aef30ae1b040ab8a3aba4e3e309a11d7f2612f44dde450b5c157aa5f95c05.js?body=1" for ::1 at 2015-10-13 18:30:22 -0700


Started GET "/assets/application.self-3b8dabdc891efe46b9a144b400ad69e37d7e5876bdc39dee783419a69d7ca819.js?body=1" for ::1 at 2015-10-13 18:30:22 -0700


Started GET "/" for ::1 at 2015-10-13 18:30:22 -0700
Processing by MobileAppsController#index as HTML
  Rendered mobile_apps/index.html.erb within layouts/application (0.1ms)
Completed 200 OK in 22ms (Views: 21.8ms)


Started GET "/assets/application.self-d71caa23d2512dfe12f354d64ba2dc8258d9f373f9aa46ab4c48d10844468885.css?body=1" for ::1 at 2015-10-13 18:30:22 -0700


Started GET "/assets/mobile_apps.self-e3b0c44298fc1c149afbf4c8996fb92427ae41e4649b934ca495991b7852b855.css?body=1" for ::1 at 2015-10-13 18:30:22 -0700


Started GET "/assets/jquery.self-d03a5518f45df77341bdbe6201ba3bfa547ebba8ed64f0ea56bfa5f96ea7c074.js?body=1" for ::1 at 2015-10-13 18:30:22 -0700


Started GET "/assets/mobile_apps.self-877aef30ae1b040ab8a3aba4e3e309a11d7f2612f44dde450b5c157aa5f95c05.js?body=1" for ::1 at 2015-10-13 18:30:22 -0700


Started GET "/assets/jquery_ujs.self-8e98a7a072a6cee1372d19fff9ff3e6aa1e39a37d89d6f06861637d061113ee7.js?body=1" for ::1 at 2015-10-13 18:30:22 -0700


Started GET "/assets/turbolinks.self-c37727e9bd6b2735da5c311aa83fead54ed0be6cc8bd9a65309e9c5abe2cbfff.js?body=1" for ::1 at 2015-10-13 18:30:22 -0700


Started GET "/assets/application.self-3b8dabdc891efe46b9a144b400ad69e37d7e5876bdc39dee783419a69d7ca819.js?body=1" for ::1 at 2015-10-13 18:30:22 -0700


Started GET "/" for ::1 at 2015-10-13 18:30:23 -0700
Processing by MobileAppsController#index as HTML
  Rendered mobile_apps/index.html.erb within layouts/application (0.1ms)
Completed 200 OK in 30ms (Views: 29.5ms)


Started GET "/assets/application.self-d71caa23d2512dfe12f354d64ba2dc8258d9f373f9aa46ab4c48d10844468885.css?body=1" for ::1 at 2015-10-13 18:30:23 -0700


Started GET "/assets/mobile_apps.self-e3b0c44298fc1c149afbf4c8996fb92427ae41e4649b934ca495991b7852b855.css?body=1" for ::1 at 2015-10-13 18:30:23 -0700


Started GET "/assets/jquery_ujs.self-8e98a7a072a6cee1372d19fff9ff3e6aa1e39a37d89d6f06861637d061113ee7.js?body=1" for ::1 at 2015-10-13 18:30:23 -0700


Started GET "/assets/jquery.self-d03a5518f45df77341bdbe6201ba3bfa547ebba8ed64f0ea56bfa5f96ea7c074.js?body=1" for ::1 at 2015-10-13 18:30:23 -0700


Started GET "/assets/turbolinks.self-c37727e9bd6b2735da5c311aa83fead54ed0be6cc8bd9a65309e9c5abe2cbfff.js?body=1" for ::1 at 2015-10-13 18:30:23 -0700


Started GET "/assets/mobile_apps.self-877aef30ae1b040ab8a3aba4e3e309a11d7f2612f44dde450b5c157aa5f95c05.js?body=1" for ::1 at 2015-10-13 18:30:23 -0700


Started GET "/assets/application.self-3b8dabdc891efe46b9a144b400ad69e37d7e5876bdc39dee783419a69d7ca819.js?body=1" for ::1 at 2015-10-13 18:30:23 -0700


Started GET "/" for ::1 at 2015-10-13 18:30:23 -0700
Processing by MobileAppsController#index as HTML
  Rendered mobile_apps/index.html.erb within layouts/application (0.1ms)
Completed 200 OK in 29ms (Views: 28.6ms)


Started GET "/assets/mobile_apps.self-e3b0c44298fc1c149afbf4c8996fb92427ae41e4649b934ca495991b7852b855.css?body=1" for ::1 at 2015-10-13 18:30:23 -0700


Started GET "/assets/jquery.self-d03a5518f45df77341bdbe6201ba3bfa547ebba8ed64f0ea56bfa5f96ea7c074.js?body=1" for ::1 at 2015-10-13 18:30:23 -0700


Started GET "/assets/turbolinks.self-c37727e9bd6b2735da5c311aa83fead54ed0be6cc8bd9a65309e9c5abe2cbfff.js?body=1" for ::1 at 2015-10-13 18:30:23 -0700


Started GET "/assets/application.self-d71caa23d2512dfe12f354d64ba2dc8258d9f373f9aa46ab4c48d10844468885.css?body=1" for ::1 at 2015-10-13 18:30:23 -0700


Started GET "/assets/jquery_ujs.self-8e98a7a072a6cee1372d19fff9ff3e6aa1e39a37d89d6f06861637d061113ee7.js?body=1" for ::1 at 2015-10-13 18:30:23 -0700


Started GET "/assets/mobile_apps.self-877aef30ae1b040ab8a3aba4e3e309a11d7f2612f44dde450b5c157aa5f95c05.js?body=1" for ::1 at 2015-10-13 18:30:23 -0700


Started GET "/assets/application.self-3b8dabdc891efe46b9a144b400ad69e37d7e5876bdc39dee783419a69d7ca819.js?body=1" for ::1 at 2015-10-13 18:30:23 -0700


Started GET "/" for ::1 at 2015-10-13 18:30:23 -0700
Processing by MobileAppsController#index as HTML
  Rendered mobile_apps/index.html.erb within layouts/application (0.1ms)
Completed 200 OK in 23ms (Views: 22.4ms)


Started GET "/assets/application.self-d71caa23d2512dfe12f354d64ba2dc8258d9f373f9aa46ab4c48d10844468885.css?body=1" for ::1 at 2015-10-13 18:30:23 -0700


Started GET "/assets/mobile_apps.self-e3b0c44298fc1c149afbf4c8996fb92427ae41e4649b934ca495991b7852b855.css?body=1" for ::1 at 2015-10-13 18:30:23 -0700


Started GET "/assets/jquery_ujs.self-8e98a7a072a6cee1372d19fff9ff3e6aa1e39a37d89d6f06861637d061113ee7.js?body=1" for ::1 at 2015-10-13 18:30:23 -0700


Started GET "/assets/mobile_apps.self-877aef30ae1b040ab8a3aba4e3e309a11d7f2612f44dde450b5c157aa5f95c05.js?body=1" for ::1 at 2015-10-13 18:30:23 -0700


Started GET "/assets/jquery.self-d03a5518f45df77341bdbe6201ba3bfa547ebba8ed64f0ea56bfa5f96ea7c074.js?body=1" for ::1 at 2015-10-13 18:30:23 -0700


Started GET "/assets/turbolinks.self-c37727e9bd6b2735da5c311aa83fead54ed0be6cc8bd9a65309e9c5abe2cbfff.js?body=1" for ::1 at 2015-10-13 18:30:23 -0700


Started GET "/assets/application.self-3b8dabdc891efe46b9a144b400ad69e37d7e5876bdc39dee783419a69d7ca819.js?body=1" for ::1 at 2015-10-13 18:30:23 -0700


Started GET "/" for ::1 at 2015-10-13 18:30:54 -0700
Processing by MobileAppsController#index as HTML
  Rendered mobile_apps/index.html.erb within layouts/application (0.0ms)
Completed 200 OK in 88ms (Views: 87.9ms)


Started GET "/assets/mobile_apps.self-e3b0c44298fc1c149afbf4c8996fb92427ae41e4649b934ca495991b7852b855.css?body=1" for ::1 at 2015-10-13 18:30:54 -0700


Started GET "/assets/jquery.self-d03a5518f45df77341bdbe6201ba3bfa547ebba8ed64f0ea56bfa5f96ea7c074.js?body=1" for ::1 at 2015-10-13 18:30:54 -0700


Started GET "/assets/turbolinks.self-c37727e9bd6b2735da5c311aa83fead54ed0be6cc8bd9a65309e9c5abe2cbfff.js?body=1" for ::1 at 2015-10-13 18:30:54 -0700


Started GET "/assets/jquery_ujs.self-8e98a7a072a6cee1372d19fff9ff3e6aa1e39a37d89d6f06861637d061113ee7.js?body=1" for ::1 at 2015-10-13 18:30:54 -0700


Started GET "/assets/mobile_apps.self-877aef30ae1b040ab8a3aba4e3e309a11d7f2612f44dde450b5c157aa5f95c05.js?body=1" for ::1 at 2015-10-13 18:30:54 -0700


Started GET "/assets/application.self-7b93c1d3ff9f875adce0fb48dcadb5c9ae4a65424568e95da385f252f62d1475.css?body=1" for ::1 at 2015-10-13 18:30:54 -0700


Started GET "/assets/application.self-3b8dabdc891efe46b9a144b400ad69e37d7e5876bdc39dee783419a69d7ca819.js?body=1" for ::1 at 2015-10-13 18:30:54 -0700
